

Processing TicketsController#index (for 127.0.0.1 at 2009-07-15 09:21:50) [GET]
  [4;36;1mTicket Load (0.0ms)[0m   [0;1mSQLite3::SQLException: no such table: tickets: SELECT * FROM "tickets" [0m

ActiveRecord::StatementInvalid (SQLite3::SQLException: no such table: tickets: SELECT * FROM "tickets" ):
  app/controllers/tickets_controller.rb:5:in `index'
  c:/Ruby/lib/ruby/1.8/webrick/httpserver.rb:104:in `service'
  c:/Ruby/lib/ruby/1.8/webrick/httpserver.rb:65:in `run'
  c:/Ruby/lib/ruby/1.8/webrick/server.rb:173:in `start_thread'
  c:/Ruby/lib/ruby/1.8/webrick/server.rb:162:in `start'
  c:/Ruby/lib/ruby/1.8/webrick/server.rb:162:in `start_thread'
  c:/Ruby/lib/ruby/1.8/webrick/server.rb:95:in `start'
  c:/Ruby/lib/ruby/1.8/webrick/server.rb:92:in `each'
  c:/Ruby/lib/ruby/1.8/webrick/server.rb:92:in `start'
  c:/Ruby/lib/ruby/1.8/webrick/server.rb:23:in `start'
  c:/Ruby/lib/ruby/1.8/webrick/server.rb:82:in `start'

Rendered rescues/_trace (55.0ms)
Rendered rescues/_request_and_response (3.0ms)
Rendering rescues/layout (internal_server_error)
  [4;36;1mSQL (1.0ms)[0m   [0;1m SELECT name
 FROM sqlite_master
 WHERE type = 'table' AND NOT name = 'sqlite_sequence'
[0m
  [4;35;1mSQL (0.0ms)[0m   [0mselect sqlite_version(*)[0m
  [4;36;1mSQL (4.0ms)[0m   [0;1mCREATE TABLE "schema_migrations" ("version" varchar(255) NOT NULL) [0m
  [4;35;1mSQL (2.0ms)[0m   [0mCREATE UNIQUE INDEX "unique_schema_migrations" ON "schema_migrations" ("version")[0m
  [4;36;1mSQL (0.0ms)[0m   [0;1m SELECT name
 FROM sqlite_master
 WHERE type = 'table' AND NOT name = 'sqlite_sequence'
[0m
  [4;35;1mSQL (0.0ms)[0m   [0mSELECT version FROM schema_migrations[0m
Migrating to CreateTickets (20090715012054)
  [4;36;1mSQL (2.0ms)[0m   [0;1mCREATE TABLE "tickets" ("id" INTEGER PRIMARY KEY AUTOINCREMENT NOT NULL, "name" varchar(255), "seat_id" varchar(255), "email" varchar(255), "price" decimal, "created_at" datetime, "updated_at" datetime) [0m
  [4;35;1mSQL (0.0ms)[0m   [0mINSERT INTO schema_migrations (version) VALUES ('20090715012054')[0m
  [4;36;1mSQL (0.0ms)[0m   [0;1m SELECT name
 FROM sqlite_master
 WHERE type = 'table' AND NOT name = 'sqlite_sequence'
[0m
  [4;35;1mSQL (1.0ms)[0m   [0mSELECT version FROM schema_migrations[0m
  [4;36;1mSQL (0.0ms)[0m   [0;1m SELECT name
 FROM sqlite_master
 WHERE type = 'table' AND NOT name = 'sqlite_sequence'
[0m
  [4;35;1mSQL (0.0ms)[0m   [0mPRAGMA index_list("tickets")[0m


Processing TicketsController#index (for 127.0.0.1 at 2009-07-15 09:24:05) [GET]

NameError (uninitialized constant TicketsController::Tickets):
  app/controllers/tickets_controller.rb:5:in `index'
  c:/Ruby/lib/ruby/1.8/webrick/httpserver.rb:104:in `service'
  c:/Ruby/lib/ruby/1.8/webrick/httpserver.rb:65:in `run'
  c:/Ruby/lib/ruby/1.8/webrick/server.rb:173:in `start_thread'
  c:/Ruby/lib/ruby/1.8/webrick/server.rb:162:in `start'
  c:/Ruby/lib/ruby/1.8/webrick/server.rb:162:in `start_thread'
  c:/Ruby/lib/ruby/1.8/webrick/server.rb:95:in `start'
  c:/Ruby/lib/ruby/1.8/webrick/server.rb:92:in `each'
  c:/Ruby/lib/ruby/1.8/webrick/server.rb:92:in `start'
  c:/Ruby/lib/ruby/1.8/webrick/server.rb:23:in `start'
  c:/Ruby/lib/ruby/1.8/webrick/server.rb:82:in `start'

Rendered rescues/_trace (57.0ms)
Rendered rescues/_request_and_response (2.0ms)
Rendering rescues/layout (internal_server_error)


Processing TicketsController#index (for 127.0.0.1 at 2009-07-15 09:24:42) [GET]

NameError (uninitialized constant TicketsController::Tickets):
  app/controllers/tickets_controller.rb:5:in `index'
  c:/Ruby/lib/ruby/1.8/webrick/httpserver.rb:104:in `service'
  c:/Ruby/lib/ruby/1.8/webrick/httpserver.rb:65:in `run'
  c:/Ruby/lib/ruby/1.8/webrick/server.rb:173:in `start_thread'
  c:/Ruby/lib/ruby/1.8/webrick/server.rb:162:in `start'
  c:/Ruby/lib/ruby/1.8/webrick/server.rb:162:in `start_thread'
  c:/Ruby/lib/ruby/1.8/webrick/server.rb:95:in `start'
  c:/Ruby/lib/ruby/1.8/webrick/server.rb:92:in `each'
  c:/Ruby/lib/ruby/1.8/webrick/server.rb:92:in `start'
  c:/Ruby/lib/ruby/1.8/webrick/server.rb:23:in `start'
  c:/Ruby/lib/ruby/1.8/webrick/server.rb:82:in `start'

Rendered rescues/_trace (68.0ms)
Rendered rescues/_request_and_response (1.0ms)
Rendering rescues/layout (internal_server_error)
  [4;36;1mSQL (0.0ms)[0m   [0;1m SELECT name
 FROM sqlite_master
 WHERE type = 'table' AND NOT name = 'sqlite_sequence'
[0m
  [4;35;1mSQL (0.0ms)[0m   [0mSELECT version FROM schema_migrations[0m
Migrating to CreateTickets (20090715012054)
  [4;36;1mSQL (0.0ms)[0m   [0;1mselect sqlite_version(*)[0m
  [4;35;1mSQL (0.0ms)[0m   [0m SELECT name
 FROM sqlite_master
 WHERE type = 'table' AND NOT name = 'sqlite_sequence'
[0m
  [4;36;1mSQL (0.0ms)[0m   [0;1mSELECT version FROM schema_migrations[0m
  [4;35;1mSQL (1.0ms)[0m   [0m SELECT name
 FROM sqlite_master
 WHERE type = 'table' AND NOT name = 'sqlite_sequence'
[0m
  [4;36;1mSQL (0.0ms)[0m   [0;1mPRAGMA index_list("tickets")[0m


Processing ApplicationController#index (for 127.0.0.1 at 2009-07-15 09:26:13) [GET]

ActionController::RoutingError (No route matches "/ticket" with {:method=>:get}):
  c:/Ruby/lib/ruby/1.8/webrick/httpserver.rb:104:in `service'
  c:/Ruby/lib/ruby/1.8/webrick/httpserver.rb:65:in `run'
  c:/Ruby/lib/ruby/1.8/webrick/server.rb:173:in `start_thread'
  c:/Ruby/lib/ruby/1.8/webrick/server.rb:162:in `start'
  c:/Ruby/lib/ruby/1.8/webrick/server.rb:162:in `start_thread'
  c:/Ruby/lib/ruby/1.8/webrick/server.rb:95:in `start'
  c:/Ruby/lib/ruby/1.8/webrick/server.rb:92:in `each'
  c:/Ruby/lib/ruby/1.8/webrick/server.rb:92:in `start'
  c:/Ruby/lib/ruby/1.8/webrick/server.rb:23:in `start'
  c:/Ruby/lib/ruby/1.8/webrick/server.rb:82:in `start'

Rendering rescues/layout (not_found)


Processing TicketsController#index (for 127.0.0.1 at 2009-07-15 09:26:18) [GET]
  [4;36;1mTicket Load (1.0ms)[0m   [0;1mSELECT * FROM "tickets" [0m
Rendering template within layouts/tickets
Rendering tickets/index
Completed in 2514ms (View: 2502, DB: 1) | 200 OK [http://127.0.0.1/tickets]


Processing TicketsController#new (for 127.0.0.1 at 2009-07-15 09:26:24) [GET]
Rendering template within layouts/tickets
Rendering tickets/new
Completed in 30ms (View: 17, DB: 0) | 200 OK [http://127.0.0.1/tickets/new]


Processing TicketsController#create (for 127.0.0.1 at 2009-07-15 09:29:35) [POST]
  Parameters: {"ticket"=>{"name"=>"mohd asri", "price"=>"RM10", "seat_id"=>"e25", "email"=>"asri@jpa.gov.my"}, "commit"=>"Create", "authenticity_token"=>"tEcsdUV4saS8oMzKG7tgJBSo6hdlLK5M53EQxGhRvSU="}
  [4;35;1mTicket Create (2.0ms)[0m   [0mINSERT INTO "tickets" ("name", "updated_at", "price", "seat_id", "email", "created_at") VALUES('mohd asri', '2009-07-15 01:29:35', 0.0, 'e25', 'asri@jpa.gov.my', '2009-07-15 01:29:35')[0m
Redirected to http://127.0.0.1:3000/tickets/1
Completed in 169ms (DB: 2) | 302 Found [http://127.0.0.1/tickets]


Processing TicketsController#show (for 127.0.0.1 at 2009-07-15 09:29:36) [GET]
  Parameters: {"id"=>"1"}
  [4;36;1mTicket Load (0.0ms)[0m   [0;1mSELECT * FROM "tickets" WHERE ("tickets"."id" = 1) [0m
Rendering template within layouts/tickets
Rendering tickets/show
Completed in 26ms (View: 12, DB: 0) | 200 OK [http://127.0.0.1/tickets/1]


Processing TicketsController#index (for 127.0.0.1 at 2009-07-15 09:29:49) [GET]
  [4;35;1mTicket Load (2.0ms)[0m   [0mSELECT * FROM "tickets" [0m
Rendering template within layouts/tickets
Rendering tickets/index
Completed in 42ms (View: 17, DB: 2) | 200 OK [http://127.0.0.1/tickets]


Processing TicketsController#new (for 127.0.0.1 at 2009-07-15 09:30:02) [GET]
Rendering template within layouts/tickets
Rendering tickets/new
Completed in 42ms (View: 17, DB: 0) | 200 OK [http://127.0.0.1/tickets/new]


Processing TicketsController#create (for 127.0.0.1 at 2009-07-15 09:30:39) [POST]
  Parameters: {"ticket"=>{"name"=>"Siti Mariam", "price"=>"RM10", "seat_id"=>"e26", "email"=>"ctmariam@yahoo.com"}, "commit"=>"Create", "authenticity_token"=>"tEcsdUV4saS8oMzKG7tgJBSo6hdlLK5M53EQxGhRvSU="}
  [4;36;1mTicket Create (4.0ms)[0m   [0;1mINSERT INTO "tickets" ("name", "updated_at", "price", "seat_id", "email", "created_at") VALUES('Siti Mariam', '2009-07-15 01:30:39', 0.0, 'e26', 'ctmariam@yahoo.com', '2009-07-15 01:30:39')[0m
Redirected to http://127.0.0.1:3000/tickets/2
Completed in 93ms (DB: 4) | 302 Found [http://127.0.0.1/tickets]


Processing TicketsController#show (for 127.0.0.1 at 2009-07-15 09:30:39) [GET]
  Parameters: {"id"=>"2"}
  [4;35;1mTicket Load (0.0ms)[0m   [0mSELECT * FROM "tickets" WHERE ("tickets"."id" = 2) [0m
Rendering template within layouts/tickets
Rendering tickets/show
Completed in 19ms (View: 5, DB: 0) | 200 OK [http://127.0.0.1/tickets/2]


Processing TicketsController#index (for 127.0.0.1 at 2009-07-15 09:30:43) [GET]
  [4;36;1mTicket Load (1.0ms)[0m   [0;1mSELECT * FROM "tickets" [0m
Rendering template within layouts/tickets
Rendering tickets/index
Completed in 22ms (View: 10, DB: 1) | 200 OK [http://127.0.0.1/tickets]


Processing TicketsController#edit (for 127.0.0.1 at 2009-07-15 09:30:47) [GET]
  Parameters: {"id"=>"1"}
  [4;35;1mTicket Load (1.0ms)[0m   [0mSELECT * FROM "tickets" WHERE ("tickets"."id" = 1) [0m
Rendering template within layouts/tickets
Rendering tickets/edit
Completed in 122ms (View: 96, DB: 1) | 200 OK [http://127.0.0.1/tickets/1/edit]


Processing TicketsController#update (for 127.0.0.1 at 2009-07-15 09:30:54) [PUT]
  Parameters: {"ticket"=>{"name"=>"mohd asri", "price"=>"10", "seat_id"=>"e25", "email"=>"asri@jpa.gov.my"}, "commit"=>"Update", "authenticity_token"=>"tEcsdUV4saS8oMzKG7tgJBSo6hdlLK5M53EQxGhRvSU=", "id"=>"1"}
  [4;36;1mTicket Load (1.0ms)[0m   [0;1mSELECT * FROM "tickets" WHERE ("tickets"."id" = 1) [0m
  [4;35;1mTicket Update (3.0ms)[0m   [0mUPDATE "tickets" SET "price" = 10.0, "updated_at" = '2009-07-15 01:30:54' WHERE "id" = 1[0m
Redirected to http://127.0.0.1:3000/tickets/1
Completed in 70ms (DB: 4) | 302 Found [http://127.0.0.1/tickets/1]


Processing TicketsController#show (for 127.0.0.1 at 2009-07-15 09:30:54) [GET]
  Parameters: {"id"=>"1"}
  [4;36;1mTicket Load (1.0ms)[0m   [0;1mSELECT * FROM "tickets" WHERE ("tickets"."id" = 1) [0m
Rendering template within layouts/tickets
Rendering tickets/show
Completed in 19ms (View: 5, DB: 1) | 200 OK [http://127.0.0.1/tickets/1]


Processing TicketsController#index (for 127.0.0.1 at 2009-07-15 09:30:57) [GET]
  [4;35;1mTicket Load (2.0ms)[0m   [0mSELECT * FROM "tickets" [0m
Rendering template within layouts/tickets
Rendering tickets/index
Completed in 29ms (View: 11, DB: 2) | 200 OK [http://127.0.0.1/tickets]


Processing TicketsController#edit (for 127.0.0.1 at 2009-07-15 09:31:00) [GET]
  Parameters: {"id"=>"2"}
  [4;36;1mTicket Load (1.0ms)[0m   [0;1mSELECT * FROM "tickets" WHERE ("tickets"."id" = 2) [0m
Rendering template within layouts/tickets
Rendering tickets/edit
Completed in 22ms (View: 9, DB: 1) | 200 OK [http://127.0.0.1/tickets/2/edit]


Processing TicketsController#update (for 127.0.0.1 at 2009-07-15 09:31:10) [PUT]
  Parameters: {"ticket"=>{"name"=>"Siti Mariam", "price"=>"10.00", "seat_id"=>"e26", "email"=>"ctmariam@yahoo.com"}, "commit"=>"Update", "authenticity_token"=>"tEcsdUV4saS8oMzKG7tgJBSo6hdlLK5M53EQxGhRvSU=", "id"=>"2"}
  [4;35;1mTicket Load (0.0ms)[0m   [0mSELECT * FROM "tickets" WHERE ("tickets"."id" = 2) [0m
  [4;36;1mTicket Update (1.0ms)[0m   [0;1mUPDATE "tickets" SET "price" = 10.0, "updated_at" = '2009-07-15 01:31:10' WHERE "id" = 2[0m
Redirected to http://127.0.0.1:3000/tickets/2
Completed in 26ms (DB: 1) | 302 Found [http://127.0.0.1/tickets/2]


Processing TicketsController#show (for 127.0.0.1 at 2009-07-15 09:31:10) [GET]
  Parameters: {"id"=>"2"}
  [4;35;1mTicket Load (1.0ms)[0m   [0mSELECT * FROM "tickets" WHERE ("tickets"."id" = 2) [0m
Rendering template within layouts/tickets
Rendering tickets/show
Completed in 13ms (View: 4, DB: 1) | 200 OK [http://127.0.0.1/tickets/2]


Processing TicketsController#index (for 127.0.0.1 at 2009-07-15 09:31:13) [GET]
  [4;36;1mTicket Load (1.0ms)[0m   [0;1mSELECT * FROM "tickets" [0m
Rendering template within layouts/tickets
Rendering tickets/index
Completed in 108ms (View: 87, DB: 1) | 200 OK [http://127.0.0.1/tickets]
